<?xml version="1.0" encoding="UTF-8"?>
<!-- Generated by org.testng.reporters.JUnitReportReporter -->
<testsuite hostname="MSI" failures="0" tests="4" name="testcases.LoginTest" time="20.858" errors="0" timestamp="2021-10-23T23:09:11 IST" skipped="0">
  <testcase classname="testcases.LoginTest" name="invalidLoginErrorMessageValidation" time="5.868"/>
  <system-out/>
  <testcase classname="testcases.LoginTest" name="invalidLoginErrorMessageValidation" time="5.200"/>
  <system-out/>
  <testcase classname="testcases.LoginTest" name="invalidLoginErrorMessageValidation" time="4.376"/>
  <system-out/>
  <testcase classname="testcases.LoginTest" name="invalidLoginErrorMessageValidation" time="5.414"/>
  <system-out/>
</testsuite> <!-- testcases.LoginTest -->
